#
# A fatal error has been detected by the Java Runtime Environment:
#
#  EXCEPTION_ACCESS_VIOLATION (0xc0000005) at pc=0x00007ffcb9c463e6, pid=5588, tid=6784
#
# JRE version: Java(TM) SE Runtime Environment (8.0_66-b18) (build 1.8.0_66-b18)
# Java VM: Java HotSpot(TM) 64-Bit Server VM (25.66-b18 mixed mode windows-amd64 compressed oops)
# Problematic frame:
# C  0x00007ffcb9c463e6
#
# Failed to write core dump. Minidumps are not enabled by default on client versions of Windows
#
# If you would like to submit a bug report, please visit:
#   http://bugreport.java.com/bugreport/crash.jsp
# The crash happened outside the Java Virtual Machine in native code.
# See problematic frame for where to report the bug.
#

---------------  T H R E A D  ---------------

Current thread (0x000001ba0c671000):  JavaThread "AWT-EventQueue-1" [_thread_in_native, id=6784, stack(0x0000000429d00000,0x000000042a200000)]

siginfo: ExceptionCode=0xc0000005, reading address 0x000002a20000047d

Registers:
RAX=0x00002052ef7c1e47, RBX=0x0000000000002d88, RCX=0x000002a2000001dd, RDX=0x000000042a1fbf00
RSP=0x000000042a1fbd90, RBP=0x000000042a1fbf10, RSI=0x000001ba4b7fd170, RDI=0x000001ba27d45860
R8 =0x000001ba27d45860, R9 =0x0000000000000000, R10=0x00007ffcba589dc0, R11=0x000001ba18400000
R12=0x0000000000000000, R13=0x0000000701a23658, R14=0x000000042a1fbf00, R15=0x000001ba0c671000
RIP=0x00007ffcb9c463e6, EFLAGS=0x0000000000010206

Top of Stack: (sp=0x000000042a1fbd90)
0x000000042a1fbd90:   0000000701d12258 0000000701d12258
0x000000042a1fbda0:   0000000000000000 0000000701d12520
0x000000042a1fbdb0:   0000000000002d88 00007ffcba3d8bcb
0x000000042a1fbdc0:   00000000e03446cb 000001ba0e618380
0x000000042a1fbdd0:   0000000000000000 0000000000000007
0x000000042a1fbde0:   0000000000002d88 00007ffcba589def
0x000000042a1fbdf0:   00000007055e1d00 0000000701a23658
0x000000042a1fbe00:   00000007bd0c4f60 0000000100000000
0x000000042a1fbe10:   000001ba0c6711f8 00000007bd0c4f60
0x000000042a1fbe20:   fffffffffffffffe 000000000000003f
0x000000042a1fbe30:   0000000701401e70 00000007bd0c4ce0
0x000000042a1fbe40:   000000070562e090 000001ba0db17ebc
0x000000042a1fbe50:   0000002000000000 00000007bd0c4d10
0x000000042a1fbe60:   000000070562e090 000001ba0edc8bec
0x000000042a1fbe70:   f7a189df00000054 0000000701d12258
0x000000042a1fbe80:   0000000700083980 0000000000000000 

Instructions: (pc=0x00007ffcb9c463e6)
0x00007ffcb9c463c6:   00 e9 34 bc 03 00 cc cc cc cc 48 8b 89 50 02 00
0x00007ffcb9c463d6:   00 e9 34 bc 03 00 cc cc cc cc 40 53 48 83 ec 20
0x00007ffcb9c463e6:   48 83 b9 a0 02 00 00 00 48 8b d9 75 08 32 c0 48
0x00007ffcb9c463f6:   83 c4 20 5b c3 48 8d 15 46 46 15 00 48 8d 4c 24 


Register to memory mapping:

RAX=0x00002052ef7c1e47 is an unknown value
RBX=0x0000000000002d88 is an unknown value
RCX=0x000002a2000001dd is an unknown value
RDX=0x000000042a1fbf00 is pointing into the stack for thread: 0x000001ba0c671000
RSP=0x000000042a1fbd90 is pointing into the stack for thread: 0x000001ba0c671000
RBP=0x000000042a1fbf10 is pointing into the stack for thread: 0x000001ba0c671000
RSI=0x000001ba4b7fd170 is pointing into metadata
RDI=0x000001ba27d45860 is an unknown value
R8 =0x000001ba27d45860 is an unknown value
R9 =0x0000000000000000 is an unknown value
R10=0x00007ffcba589dc0 is an unknown value
R11=0x000001ba18400000 is an unknown value
R12=0x0000000000000000 is an unknown value
R13=0x0000000701a23658 is an oop
ui.data.ba 
 - klass: 'ui/data/ba'
R14=0x000000042a1fbf00 is pointing into the stack for thread: 0x000001ba0c671000
R15=0x000001ba0c671000 is a thread


Stack: [0x0000000429d00000,0x000000042a200000],  sp=0x000000042a1fbd90,  free space=5103k
Native frames: (J=compiled Java code, j=interpreted, Vv=VM code, C=native code)
C  0x00007ffcb9c463e6
C  [librdi_labtools.dll+0xe8bcb]
C  [librdi_labtools.dll+0x299def]
C  0x000001ba0d20cf1a

Java frames: (J=compiled Java code, j=interpreted, Vv=VM code)
J 15049  ui.data.labtools.lthwdatai.HWDevice_isXicomCfgMemSupported(J)Z (0 bytes) @ 0x000001ba0d20ce81 [0x000001ba0d20ce40+0x41]
J 13528 C1 ui.views.b.n.d.a.aY()Z (44 bytes) @ 0x000001ba0edc00c4 [0x000001ba0edbff60+0x164]
J 13527 C1 ui.views.b.n.d.d.l(Lui/views/M/e;)Z (5 bytes) @ 0x000001ba0d6b8974 [0x000001ba0d6b8880+0xf4]
J 9772 C2 ui.views.M.o.n(Lui/views/M/X;)Z (51 bytes) @ 0x000001ba0d69e450 [0x000001ba0d69e160+0x2f0]
J 8535 C2 ui.views.M.k.getTreeCellRendererComponent(Ljavax/swing/JTree;Ljava/lang/Object;ZZZIZ)Ljava/awt/Component; (494 bytes) @ 0x000001ba0daf93e0 [0x000001ba0daf7c60+0x1780]
J 17115 C2 org.jdesktop.swingx.JXTree$DelegatingRenderer.getTreeCellRendererComponent(Ljavax/swing/JTree;Ljava/lang/Object;ZZZIZ)Ljava/awt/Component; (75 bytes) @ 0x000001ba0f89910c [0x000001ba0f8990a0+0x6c]
J 19311 C2 javax.swing.tree.VariableHeightLayoutCache$TreeStateNode.expand(Z)V (532 bytes) @ 0x000001ba0fd9c3b4 [0x000001ba0fd9a5a0+0x1e14]
J 20604 C2 javax.swing.plaf.basic.BasicTreeUI.updateExpandedDescendants(Ljavax/swing/tree/TreePath;)V (73 bytes) @ 0x000001ba101778d4 [0x000001ba10177640+0x294]
J 20955 C2 javax.swing.JTree.fireTreeExpanded(Ljavax/swing/tree/TreePath;)V (107 bytes) @ 0x000001ba0e0aa1c4 [0x000001ba0e0aa0a0+0x124]
J 19608 C2 javax.swing.JTree.setExpandedState(Ljavax/swing/tree/TreePath;Z)V (422 bytes) @ 0x000001ba0fe4d070 [0x000001ba0fe4c760+0x910]
J 19562 C1 ui.g.m.x.Y.Q(Ljava/util/List;)V (72 bytes) @ 0x000001ba0e91d98c [0x000001ba0e91c460+0x152c]
J 20627 C1 ui.views.M.v.update()V (48 bytes) @ 0x000001ba0d276bac [0x000001ba0d275a80+0x112c]
J 19053 C1 ui.bh.Q()V (88 bytes) @ 0x000001ba0e980454 [0x000001ba0e980160+0x2f4]
j  ui.views.P.J.documentComponentOpened(Lcom/jidesoft/document/DocumentComponentEvent;)V+10
J 21381 C1 com.jidesoft.document.DocumentComponent.a(I)V (707 bytes) @ 0x000001ba103db8c4 [0x000001ba103d4ae0+0x6de4]
j  com.jidesoft.document.DocumentPane.a(Lcom/jidesoft/document/DocumentComponent;Z)V+284
j  com.jidesoft.document.DocumentPane.openDocument(Lcom/jidesoft/document/DocumentComponent;Z)V+84
j  com.jidesoft.document.DocumentPane.openDocument(Lcom/jidesoft/document/DocumentComponent;)V+3
j  ui.views.P.a.a(Lui/views/aK;Lui/views/P/K;ZZZ)V+90
j  ui.views.P.a.a(Lui/views/aK;Lui/views/P/K;ZZ)V+7
j  ui.views.N.p(Lui/views/cD;)V+167
j  ui.views.M.X.ag(Lui/views/cD;)V+51
j  ui.views.M.X.z(Lui/views/M/e;)V+78
j  ui.views.b.r.b.e.run()V+105
j  ui.views.b.r.b.e.a(Lui/frmwork/b;Lui/views/M/e;)V+1
j  ui.views.M.o.o(Lui/views/M/X;)V+60
j  ui.views.M.A.mouseReleased(Ljava/awt/event/MouseEvent;)V+93
J 16722 C1 java.awt.AWTEventMulticaster.mouseReleased(Ljava/awt/event/MouseEvent;)V (27 bytes) @ 0x000001ba0d5c3d34 [0x000001ba0d5c3960+0x3d4]
J 16722 C1 java.awt.AWTEventMulticaster.mouseReleased(Ljava/awt/event/MouseEvent;)V (27 bytes) @ 0x000001ba0d5c3b7c [0x000001ba0d5c3960+0x21c]
J 16722 C1 java.awt.AWTEventMulticaster.mouseReleased(Ljava/awt/event/MouseEvent;)V (27 bytes) @ 0x000001ba0d5c3b7c [0x000001ba0d5c3960+0x21c]
J 21685 C2 javax.swing.JComponent.processMouseEvent(Ljava/awt/event/MouseEvent;)V (27 bytes) @ 0x000001ba0e53023c [0x000001ba0e530100+0x13c]
J 21055 C2 java.awt.Component.processEvent(Ljava/awt/AWTEvent;)V (220 bytes) @ 0x000001ba0f1530f0 [0x000001ba0f152fe0+0x110]
J 9830 C1 ui.g.m.x.Y.processEvent(Ljava/awt/AWTEvent;)V (71 bytes) @ 0x000001ba0cbfb444 [0x000001ba0cbf9bc0+0x1884]
J 21034 C2 java.awt.Component.dispatchEventImpl(Ljava/awt/AWTEvent;)V (883 bytes) @ 0x000001ba0e5eeed8 [0x000001ba0e5ee640+0x898]
J 18051 C2 java.awt.Container.dispatchEventImpl(Ljava/awt/AWTEvent;)V (129 bytes) @ 0x000001ba0faa4038 [0x000001ba0faa3fe0+0x58]
J 17605 C2 java.awt.LightweightDispatcher.retargetMouseEvent(Ljava/awt/Component;ILjava/awt/event/MouseEvent;)V (350 bytes) @ 0x000001ba0fa139e4 [0x000001ba0fa134c0+0x524]
J 18051 C2 java.awt.Container.dispatchEventImpl(Ljava/awt/AWTEvent;)V (129 bytes) @ 0x000001ba0faa4ad0 [0x000001ba0faa3fe0+0xaf0]
J 15693 C2 java.awt.Window.dispatchEventImpl(Ljava/awt/AWTEvent;)V (23 bytes) @ 0x000001ba0ca2298c [0x000001ba0ca22940+0x4c]
J 11106 C2 java.awt.EventQueue.dispatchEventImpl(Ljava/awt/AWTEvent;Ljava/lang/Object;)V (149 bytes) @ 0x000001ba0e961f6c [0x000001ba0e961ba0+0x3cc]
J 9531 C2 java.awt.EventQueue$3.run()Ljava/lang/Object; (5 bytes) @ 0x000001ba0d94528c [0x000001ba0d945220+0x6c]
v  ~StubRoutines::call_stub
J 1560  java.security.AccessController.doPrivileged(Ljava/security/PrivilegedAction;Ljava/security/AccessControlContext;)Ljava/lang/Object; (0 bytes) @ 0x000001ba0cdae1e6 [0x000001ba0cdae180+0x66]
J 15032 C2 java.awt.EventQueue$4.run()Ljava/lang/Object; (5 bytes) @ 0x000001ba0f356734 [0x000001ba0f3565a0+0x194]
v  ~StubRoutines::call_stub
J 1560  java.security.AccessController.doPrivileged(Ljava/security/PrivilegedAction;Ljava/security/AccessControlContext;)Ljava/lang/Object; (0 bytes) @ 0x000001ba0cdae1e6 [0x000001ba0cdae180+0x66]
J 9342 C2 java.awt.EventQueue.dispatchEvent(Ljava/awt/AWTEvent;)V (80 bytes) @ 0x000001ba0dc64f98 [0x000001ba0dc64180+0xe18]
J 10076 C2 ui.frmwork.a.e.dispatchEvent(Ljava/awt/AWTEvent;)V (30 bytes) @ 0x000001ba0e637ae8 [0x000001ba0e637a80+0x68]
J 17962 C2 java.awt.EventDispatchThread.pumpOneEventForFilters(I)V (295 bytes) @ 0x000001ba0e97b134 [0x000001ba0e97ad40+0x3f4]
J 16465% C2 java.awt.EventDispatchThread.pumpEventsForFilter(ILjava/awt/Conditional;Ljava/awt/EventFilter;)V (47 bytes) @ 0x000001ba0ecc30c0 [0x000001ba0ecc2fa0+0x120]
j  java.awt.EventDispatchThread.pumpEventsForHierarchy(ILjava/awt/Conditional;Ljava/awt/Component;)V+11
j  java.awt.EventDispatchThread.pumpEvents(ILjava/awt/Conditional;)V+4
j  java.awt.EventDispatchThread.pumpEvents(Ljava/awt/Conditional;)V+3
j  java.awt.EventDispatchThread.run()V+9
v  ~StubRoutines::call_stub

---------------  P R O C E S S  ---------------

Java Threads: ( => current thread )
  0x000001ba5faab000 JavaThread "Image Fetcher 0" daemon [_thread_blocked, id=1372, stack(0x0000000532800000,0x0000000532d00000)]
  0x000001ba4704b000 JavaThread "Monitor File Timestamp" [_thread_blocked, id=13960, stack(0x0000000469e00000,0x000000046a300000)]
  0x000001ba26c1f800 JavaThread "Thread-23" [_thread_in_native, id=8484, stack(0x0000000430600000,0x0000000430700000)]
  0x000001ba2cedd000 JavaThread "hw_ila_monitor" [_thread_blocked, id=4372, stack(0x000000042ec00000,0x000000042f100000)]
  0x000001ba2cf2d800 JavaThread "Update Runs" [_thread_blocked, id=17632, stack(0x000000042e700000,0x000000042ec00000)]
  0x000001ba0904d800 JavaThread "Refresh Filesets" [_thread_blocked, id=10744, stack(0x000000042e200000,0x000000042e700000)]
  0x000001ba23f97800 JavaThread "Swing-Shell" daemon [_thread_blocked, id=4448, stack(0x000000042bb00000,0x000000042c000000)]
  0x000001ba28618000 JavaThread "Monitor File Timestamp" [_thread_blocked, id=7020, stack(0x000000042b100000,0x000000042b600000)]
=>0x000001ba0c671000 JavaThread "AWT-EventQueue-1" [_thread_in_native, id=6784, stack(0x0000000429d00000,0x000000042a200000)]
  0x000001ba0c67f000 JavaThread "Process Messages" [_thread_blocked, id=16516, stack(0x0000000429800000,0x0000000429d00000)]
  0x000001ba09863000 JavaThread "Thread-3" [_thread_in_native, id=13644, stack(0x0000000423b00000,0x0000000424f00000)]
  0x000001ba24c20800 JavaThread "AWT-EventQueue-0" [_thread_blocked, id=6524, stack(0x0000000429300000,0x0000000429800000)]
  0x000001ba24147800 JavaThread "AWT-Windows" daemon [_thread_in_native, id=5676, stack(0x0000000428900000,0x0000000428e00000)]
  0x000001ba24113800 JavaThread "AWT-Shutdown" [_thread_blocked, id=8832, stack(0x0000000428400000,0x0000000428900000)]
  0x000001ba24111000 JavaThread "Java2D Disposer" daemon [_thread_blocked, id=8804, stack(0x0000000427f00000,0x0000000428400000)]
  0x000001ba23c40800 JavaThread "TimerQueue" daemon [_thread_blocked, id=8376, stack(0x0000000427a00000,0x0000000427f00000)]
  0x000001ba23c45800 JavaThread "Service Thread" daemon [_thread_blocked, id=10304, stack(0x0000000427400000,0x0000000427900000)]
  0x000001ba23b45800 JavaThread "C1 CompilerThread3" daemon [_thread_blocked, id=10248, stack(0x0000000427300000,0x0000000427400000)]
  0x000001ba23b47000 JavaThread "C2 CompilerThread2" daemon [_thread_blocked, id=14156, stack(0x0000000427200000,0x0000000427300000)]
  0x000001ba23b48800 JavaThread "C2 CompilerThread1" daemon [_thread_blocked, id=9484, stack(0x0000000427100000,0x0000000427200000)]
  0x000001ba23b4a800 JavaThread "C2 CompilerThread0" daemon [_thread_blocked, id=2576, stack(0x0000000427000000,0x0000000427100000)]
  0x000001ba23b4c000 JavaThread "Attach Listener" daemon [_thread_blocked, id=6324, stack(0x0000000426b00000,0x0000000427000000)]
  0x000001ba23b4d800 JavaThread "Signal Dispatcher" daemon [_thread_blocked, id=8324, stack(0x0000000426600000,0x0000000426b00000)]
  0x000001ba237eb000 JavaThread "Finalizer" daemon [_thread_blocked, id=660, stack(0x0000000426100000,0x0000000426600000)]
  0x000001ba237e1000 JavaThread "Reference Handler" daemon [_thread_blocked, id=964, stack(0x0000000425c00000,0x0000000426100000)]
  0x000001ba0c695800 JavaThread "main" [_thread_blocked, id=11704, stack(0x0000000425200000,0x0000000425300000)]

Other Threads:
  0x000001ba23771000 VMThread [stack: 0x0000000425b00000,0x0000000425c00000] [id=8156]
  0x000001ba23cd7800 WatcherThread [stack: 0x0000000427900000,0x0000000427a00000] [id=6068]

VM state:not at safepoint (normal execution)

VM Mutex/Monitor currently owned by a thread: None

Heap:
 PSYoungGen      total 53248K, used 16529K [0x00000007bc400000, 0x00000007c0000000, 0x00000007c0000000)
  eden space 45568K, 29% used [0x00000007bc400000,0x00000007bd10a648,0x00000007bf080000)
  from space 7680K, 41% used [0x00000007bf080000,0x00000007bf399f80,0x00000007bf800000)
  to   space 7680K, 0% used [0x00000007bf880000,0x00000007bf880000,0x00000007c0000000)
 ParOldGen       total 172544K, used 98240K [0x0000000700000000, 0x000000070a880000, 0x00000007bc400000)
  object space 172544K, 56% used [0x0000000700000000,0x0000000705ff0240,0x000000070a880000)
 Metaspace       used 76973K, capacity 77444K, committed 77824K, reserved 1116160K
  class space    used 11083K, capacity 11190K, committed 11264K, reserved 1048576K

Card table byte_map: [0x000001ba1bc00000,0x000001ba1c210000] byte_map_base: 0x000001ba18400000

Marking Bits: (ParMarkBitMap*) 0x00000000573ba5b0
 Begin Bits: [0x000001ba1c800000, 0x000001ba1f800000)
 End Bits:   [0x000001ba1f800000, 0x000001ba22800000)

Polling page: 0x000001ba08ba0000

CodeCache: size=245760Kb used=61224Kb max_used=61268Kb free=184535Kb
 bounds [0x000001ba0c840000, 0x000001ba10490000, 0x000001ba1b840000]
 total_blobs=17123 nmethods=16178 adapters=848
 compilation: enabled

Compilation events (10 events):
Event: 3848.537 Thread 0x000001ba23b4a800 21712       4       com.jidesoft.grid.TreeTable::shouldDisplayExpandIcon (104 bytes)
Event: 3848.541 Thread 0x000001ba23b4a800 nmethod 21712 0x000001ba0e52c210 code [0x000001ba0e52c3a0, 0x000001ba0e52c8a8]
Event: 3859.312 Thread 0x000001ba23b45800 21713       3       ui.views.B.o::a (64 bytes)
Event: 3859.313 Thread 0x000001ba23b45800 nmethod 21713 0x000001ba10489f90 code [0x000001ba1048a180, 0x000001ba1048aa80]
Event: 3862.988 Thread 0x000001ba23b45800 21714       3       ui.views.u.b.m::<init> (38 bytes)
Event: 3862.989 Thread 0x000001ba23b45800 nmethod 21714 0x000001ba0e52ae90 code [0x000001ba0e52afe0, 0x000001ba0e52b1b8]
Event: 3868.621 Thread 0x000001ba23b4a800 21715       4       com.jidesoft.editor.CodeEditor::modelToViewLine (17 bytes)
Event: 3868.622 Thread 0x000001ba23b4a800 nmethod 21715 0x000001ba1047d210 code [0x000001ba1047d360, 0x000001ba1047d468]
Event: 3869.975 Thread 0x000001ba23b45800 21716       3       javax.swing.AbstractListModel::fireIntervalAdded (76 bytes)
Event: 3869.976 Thread 0x000001ba23b45800 nmethod 21716 0x000001ba0cd38a90 code [0x000001ba0cd38c80, 0x000001ba0cd395c0]

GC Heap History (10 events):
Event: 3857.905 GC heap before
{Heap before GC invocations=536 (full 71):
 PSYoungGen      total 52224K, used 46451K [0x00000007bc400000, 0x00000007c0000000, 0x00000007c0000000)
  eden space 42496K, 100% used [0x00000007bc400000,0x00000007bed80000,0x00000007bed80000)
  from space 9728K, 40% used [0x00000007bf680000,0x00000007bfa5cdd8,0x00000007c0000000)
  to   space 9216K, 0% used [0x00000007bed80000,0x00000007bed80000,0x00000007bf680000)
 ParOldGen       total 172544K, used 96900K [0x0000000700000000, 0x000000070a880000, 0x00000007bc400000)
  object space 172544K, 56% used [0x0000000700000000,0x0000000705ea1308,0x000000070a880000)
 Metaspace       used 76973K, capacity 77444K, committed 77824K, reserved 1116160K
  class space    used 11083K, capacity 11190K, committed 11264K, reserved 1048576K
Event: 3857.909 GC heap after
Heap after GC invocations=536 (full 71):
 PSYoungGen      total 51712K, used 4254K [0x00000007bc400000, 0x00000007c0000000, 0x00000007c0000000)
  eden space 42496K, 0% used [0x00000007bc400000,0x00000007bc400000,0x00000007bed80000)
  from space 9216K, 46% used [0x00000007bed80000,0x00000007bf1a7808,0x00000007bf680000)
  to   space 8704K, 0% used [0x00000007bf780000,0x00000007bf780000,0x00000007c0000000)
 ParOldGen       total 172544K, used 96900K [0x0000000700000000, 0x000000070a880000, 0x00000007bc400000)
  object space 172544K, 56% used [0x0000000700000000,0x0000000705ea1308,0x000000070a880000)
 Metaspace       used 76973K, capacity 77444K, committed 77824K, reserved 1116160K
  class space    used 11083K, capacity 11190K, committed 11264K, reserved 1048576K
}
Event: 3868.937 GC heap before
{Heap before GC invocations=537 (full 71):
 PSYoungGen      total 51712K, used 46750K [0x00000007bc400000, 0x00000007c0000000, 0x00000007c0000000)
  eden space 42496K, 100% used [0x00000007bc400000,0x00000007bed80000,0x00000007bed80000)
  from space 9216K, 46% used [0x00000007bed80000,0x00000007bf1a7808,0x00000007bf680000)
  to   space 8704K, 0% used [0x00000007bf780000,0x00000007bf780000,0x00000007c0000000)
 ParOldGen       total 172544K, used 96900K [0x0000000700000000, 0x000000070a880000, 0x00000007bc400000)
  object space 172544K, 56% used [0x0000000700000000,0x0000000705ea1308,0x000000070a880000)
 Metaspace       used 76973K, capacity 77444K, committed 77824K, reserved 1116160K
  class space    used 11083K, capacity 11190K, committed 11264K, reserved 1048576K
Event: 3868.941 GC heap after
Heap after GC invocations=537 (full 71):
 PSYoungGen      total 53248K, used 4313K [0x00000007bc400000, 0x00000007c0000000, 0x00000007c0000000)
  eden space 44544K, 0% used [0x00000007bc400000,0x00000007bc400000,0x00000007bef80000)
  from space 8704K, 49% used [0x00000007bf780000,0x00000007bfbb6668,0x00000007c0000000)
  to   space 8192K, 0% used [0x00000007bef80000,0x00000007bef80000,0x00000007bf780000)
 ParOldGen       total 172544K, used 96900K [0x0000000700000000, 0x000000070a880000, 0x00000007bc400000)
  object space 172544K, 56% used [0x0000000700000000,0x0000000705ea1308,0x000000070a880000)
 Metaspace       used 76973K, capacity 77444K, committed 77824K, reserved 1116160K
  class space    used 11083K, capacity 11190K, committed 11264K, reserved 1048576K
}
Event: 3869.190 GC heap before
{Heap before GC invocations=538 (full 71):
 PSYoungGen      total 53248K, used 48857K [0x00000007bc400000, 0x00000007c0000000, 0x00000007c0000000)
  eden space 44544K, 100% used [0x00000007bc400000,0x00000007bef80000,0x00000007bef80000)
  from space 8704K, 49% used [0x00000007bf780000,0x00000007bfbb6668,0x00000007c0000000)
  to   space 8192K, 0% used [0x00000007bef80000,0x00000007bef80000,0x00000007bf780000)
 ParOldGen       total 172544K, used 96900K [0x0000000700000000, 0x000000070a880000, 0x00000007bc400000)
  object space 172544K, 56% used [0x0000000700000000,0x0000000705ea1308,0x000000070a880000)
 Metaspace       used 76973K, capacity 77444K, committed 77824K, reserved 1116160K
  class space    used 11083K, capacity 11190K, committed 11264K, reserved 1048576K
Event: 3869.194 GC heap after
Heap after GC invocations=538 (full 71):
 PSYoungGen      total 52736K, used 4308K [0x00000007bc400000, 0x00000007c0000000, 0x00000007c0000000)
  eden space 44544K, 0% used [0x00000007bc400000,0x00000007bc400000,0x00000007bef80000)
  from space 8192K, 52% used [0x00000007bef80000,0x00000007bf3b5030,0x00000007bf780000)
  to   space 8192K, 0% used [0x00000007bf800000,0x00000007bf800000,0x00000007c0000000)
 ParOldGen       total 172544K, used 96900K [0x0000000700000000, 0x000000070a880000, 0x00000007bc400000)
  object space 172544K, 56% used [0x0000000700000000,0x0000000705ea1308,0x000000070a880000)
 Metaspace       used 76973K, capacity 77444K, committed 77824K, reserved 1116160K
  class space    used 11083K, capacity 11190K, committed 11264K, reserved 1048576K
}
Event: 3869.429 GC heap before
{Heap before GC invocations=539 (full 71):
 PSYoungGen      total 52736K, used 48852K [0x00000007bc400000, 0x00000007c0000000, 0x00000007c0000000)
  eden space 44544K, 100% used [0x00000007bc400000,0x00000007bef80000,0x00000007bef80000)
  from space 8192K, 52% used [0x00000007bef80000,0x00000007bf3b5030,0x00000007bf780000)
  to   space 8192K, 0% used [0x00000007bf800000,0x00000007bf800000,0x00000007c0000000)
 ParOldGen       total 172544K, used 96900K [0x0000000700000000, 0x000000070a880000, 0x00000007bc400000)
  object space 172544K, 56% used [0x0000000700000000,0x0000000705ea1308,0x000000070a880000)
 Metaspace       used 76973K, capacity 77444K, committed 77824K, reserved 1116160K
  class space    used 11083K, capacity 11190K, committed 11264K, reserved 1048576K
Event: 3869.434 GC heap after
Heap after GC invocations=539 (full 71):
 PSYoungGen      total 53760K, used 4331K [0x00000007bc400000, 0x00000007c0000000, 0x00000007c0000000)
  eden space 45568K, 0% used [0x00000007bc400000,0x00000007bc400000,0x00000007bf080000)
  from space 8192K, 52% used [0x00000007bf800000,0x00000007bfc3acb0,0x00000007c0000000)
  to   space 7680K, 0% used [0x00000007bf080000,0x00000007bf080000,0x00000007bf800000)
 ParOldGen       total 172544K, used 96948K [0x0000000700000000, 0x000000070a880000, 0x00000007bc400000)
  object space 172544K, 56% used [0x0000000700000000,0x0000000705ead308,0x000000070a880000)
 Metaspace       used 76973K, capacity 77444K, committed 77824K, reserved 1116160K
  class space    used 11083K, capacity 11190K, committed 11264K, reserved 1048576K
}
Event: 3869.770 GC heap before
{Heap before GC invocations=540 (full 71):
 PSYoungGen      total 53760K, used 49899K [0x00000007bc400000, 0x00000007c0000000, 0x00000007c0000000)
  eden space 45568K, 100% used [0x00000007bc400000,0x00000007bf080000,0x00000007bf080000)
  from space 8192K, 52% used [0x00000007bf800000,0x00000007bfc3acb0,0x00000007c0000000)
  to   space 7680K, 0% used [0x00000007bf080000,0x00000007bf080000,0x00000007bf800000)
 ParOldGen       total 172544K, used 96948K [0x0000000700000000, 0x000000070a880000, 0x00000007bc400000)
  object space 172544K, 56% used [0x0000000700000000,0x0000000705ead308,0x000000070a880000)
 Metaspace       used 76973K, capacity 77444K, committed 77824K, reserved 1116160K
  class space    used 11083K, capacity 11190K, committed 11264K, reserved 1048576K
Event: 3869.776 GC heap after
Heap after GC invocations=540 (full 71):
 PSYoungGen      total 53248K, used 3175K [0x00000007bc400000, 0x00000007c0000000, 0x00000007c0000000)
  eden space 45568K, 0% used [0x00000007bc400000,0x00000007bc400000,0x00000007bf080000)
  from space 7680K, 41% used [0x00000007bf080000,0x00000007bf399f80,0x00000007bf800000)
  to   space 7680K, 0% used [0x00000007bf880000,0x00000007bf880000,0x00000007c0000000)
 ParOldGen       total 172544K, used 98240K [0x0000000700000000, 0x000000070a880000, 0x00000007bc400000)
  object space 172544K, 56% used [0x0000000700000000,0x0000000705ff0240,0x000000070a880000)
 Metaspace       used 76973K, capacity 77444K, committed 77824K, reserved 1116160K
  class space    used 11083K, capacity 11190K, committed 11264K, reserved 1048576K
}

Deoptimization events (10 events):
Event: 3679.178 Thread 0x000001ba0c671000 Uncommon trap: reason=bimorphic action=maybe_recompile pc=0x000001ba0f09b4d0 method=com.jidesoft.docking.d.findComponentByDockID(Lcom/jidesoft/docking/DockingManager;Ljava/awt/Container;I)Ljava/awt/Component; @ 64
Event: 3679.180 Thread 0x000001ba0c671000 Uncommon trap: reason=null_check action=make_not_entrant pc=0x000001ba0cf9ed90 method=java.lang.Class.reflectionData()Ljava/lang/Class$ReflectionData; @ 24
Event: 3679.181 Thread 0x000001ba0c671000 Uncommon trap: reason=null_check action=make_not_entrant pc=0x000001ba0e4a7cd0 method=java.lang.Class.reflectionData()Ljava/lang/Class$ReflectionData; @ 24
Event: 3679.181 Thread 0x000001ba0c671000 Uncommon trap: reason=null_check action=make_not_entrant pc=0x000001ba0cf8d440 method=java.lang.Class.reflectionData()Ljava/lang/Class$ReflectionData; @ 24
Event: 3683.817 Thread 0x000001ba0c671000 Uncommon trap: reason=unstable_if action=reinterpret pc=0x000001ba0dcef5d4 method=javax.swing.KeyboardManager$ComponentKeyStrokePair.equals(Ljava/lang/Object;)Z @ 39
Event: 3688.454 Thread 0x000001ba0c671000 Uncommon trap: reason=bimorphic action=maybe_recompile pc=0x000001ba0e46952c method=com.jidesoft.list.DefaultListModelWrapper.reallocateIndexes()V @ 8
Event: 3688.454 Thread 0x000001ba0c671000 Uncommon trap: reason=bimorphic action=maybe_recompile pc=0x000001ba0d5eafe0 method=com.jidesoft.list.FilterableListModel.filter()V @ 14
Event: 3688.454 Thread 0x000001ba0c671000 Uncommon trap: reason=bimorphic action=maybe_recompile pc=0x000001ba0d203060 method=com.jidesoft.list.CompoundListDataEvent.fireListDataEvent(Lcom/jidesoft/list/EventFireListModel;Ljavax/swing/event/ListDataEvent;)V @ 111
Event: 3807.621 Thread 0x000001ba0c671000 Uncommon trap: reason=unstable_if action=reinterpret pc=0x000001ba0f7f8418 method=com.jidesoft.swing.GradientInfo.isEquivalent(Lcom/jidesoft/swing/GradientInfo;)Z @ 61
Event: 3807.621 Thread 0x000001ba0c671000 Uncommon trap: reason=unstable_if action=reinterpret pc=0x000001ba0d678220 method=com.jidesoft.swing.GradientInfo.isEquivalent(Lcom/jidesoft/swing/GradientInfo;)Z @ 61

Internal exceptions (10 events):
Event: 3679.181 Thread 0x000001ba0c671000 Implicit null exception at 0x000001ba0cf8cfa2 to 0x000001ba0cf8d42d
Event: 3811.603 Thread 0x000001ba0c671000 Exception <a 'java/io/FileNotFoundException'> (0x00000007bd4aa5e0) thrown at [C:\re\workspace\8-2-build-windows-amd64-cygwin\jdk8u66\5298\hotspot\src\share\vm\prims\jni.cpp, line 709]
Event: 3811.628 Thread 0x000001ba0c671000 Exception <a 'java/io/FileNotFoundException'> (0x00000007bd4da000) thrown at [C:\re\workspace\8-2-build-windows-amd64-cygwin\jdk8u66\5298\hotspot\src\share\vm\prims\jni.cpp, line 709]
Event: 3811.870 Thread 0x000001ba0c671000 Exception <a 'java/io/FileNotFoundException'> (0x00000007be8b9fe8) thrown at [C:\re\workspace\8-2-build-windows-amd64-cygwin\jdk8u66\5298\hotspot\src\share\vm\prims\jni.cpp, line 709]
Event: 3811.934 Thread 0x000001ba0c671000 Exception <a 'java/io/FileNotFoundException'> (0x00000007be8d4978) thrown at [C:\re\workspace\8-2-build-windows-amd64-cygwin\jdk8u66\5298\hotspot\src\share\vm\prims\jni.cpp, line 709]
Event: 3816.943 Thread 0x000001ba0c671000 Exception <a 'java/io/FileNotFoundException'> (0x00000007bcfdab80) thrown at [C:\re\workspace\8-2-build-windows-amd64-cygwin\jdk8u66\5298\hotspot\src\share\vm\prims\jni.cpp, line 709]
Event: 3821.949 Thread 0x000001ba0c671000 Exception <a 'java/io/FileNotFoundException'> (0x00000007bd215c18) thrown at [C:\re\workspace\8-2-build-windows-amd64-cygwin\jdk8u66\5298\hotspot\src\share\vm\prims\jni.cpp, line 709]
Event: 3826.961 Thread 0x000001ba0c671000 Exception <a 'java/io/FileNotFoundException'> (0x00000007bd432150) thrown at [C:\re\workspace\8-2-build-windows-amd64-cygwin\jdk8u66\5298\hotspot\src\share\vm\prims\jni.cpp, line 709]
Event: 3831.970 Thread 0x000001ba0c671000 Exception <a 'java/io/FileNotFoundException'> (0x00000007bd6b49f8) thrown at [C:\re\workspace\8-2-build-windows-amd64-cygwin\jdk8u66\5298\hotspot\src\share\vm\prims\jni.cpp, line 709]
Event: 3836.984 Thread 0x000001ba0c671000 Exception <a 'java/io/FileNotFoundException'> (0x00000007bd901aa8) thrown at [C:\re\workspace\8-2-build-windows-amd64-cygwin\jdk8u66\5298\hotspot\src\share\vm\prims\jni.cpp, line 709]

Events (10 events):
Event: 3862.564 Thread 0x000001ba5faac800 Thread exited: 0x000001ba5faac800
Event: 3868.703 Thread 0x000001ba5faab000 Thread added: 0x000001ba5faab000
Event: 3868.937 Executing VM operation: ParallelGCFailedAllocation
Event: 3868.941 Executing VM operation: ParallelGCFailedAllocation done
Event: 3869.190 Executing VM operation: ParallelGCFailedAllocation
Event: 3869.195 Executing VM operation: ParallelGCFailedAllocation done
Event: 3869.429 Executing VM operation: ParallelGCFailedAllocation
Event: 3869.434 Executing VM operation: ParallelGCFailedAllocation done
Event: 3869.770 Executing VM operation: ParallelGCFailedAllocation
Event: 3869.776 Executing VM operation: ParallelGCFailedAllocation done


Dynamic libraries:
0x00007ff6e04a0000 - 0x00007ff6e04d0000 	C:\Xilinx\Vivado\2016.2\bin\unwrapped\win64.o\vivado.exe
0x00007ffd0cd70000 - 0x00007ffd0cf41000 	C:\windows\SYSTEM32\ntdll.dll
0x00007ffd0cc60000 - 0x00007ffd0cd0b000 	C:\windows\System32\KERNEL32.DLL
0x00007ffd09280000 - 0x00007ffd0949d000 	C:\windows\System32\KERNELBASE.dll
0x00007ffcfcce0000 - 0x00007ffcfccf1000 	C:\Xilinx\Vivado\2016.2\lib\win64.o\librdi_commonmain.dll
0x00007ffcfccc0000 - 0x00007ffcfccd3000 	C:\Xilinx\Vivado\2016.2\lib\win64.o\libboost_signals.dll
0x000000000a900000 - 0x000000000a98d000 	C:\Xilinx\Vivado\2016.2\lib\win64.o\SHSMP64.dll
0x00007ffce1490000 - 0x00007ffce1ed0000 	C:\Xilinx\Vivado\2016.2\lib\win64.o\librdi_common.dll
0x00007ffd0b510000 - 0x00007ffd0b675000 	C:\windows\System32\USER32.dll
0x00007ffcffc70000 - 0x00007ffcffd17000 	C:\windows\SYSTEM32\MSVCP110.dll
0x00007ffd09260000 - 0x00007ffd0927e000 	C:\windows\System32\win32u.dll
0x00007ffceefc0000 - 0x00007ffcef094000 	C:\windows\SYSTEM32\MSVCR110.dll
0x00007ffd0aa50000 - 0x00007ffd0aa84000 	C:\windows\System32\GDI32.dll
0x00007ffd09ca0000 - 0x00007ffd09e22000 	C:\windows\System32\gdi32full.dll
0x00007ffcfcc90000 - 0x00007ffcfccb4000 	C:\Xilinx\Vivado\2016.2\lib\win64.o\libboost_filesystem.dll
0x00007ffd0b2c0000 - 0x00007ffd0b362000 	C:\windows\System32\ADVAPI32.dll
0x00007ffcfcc80000 - 0x00007ffcfcc89000 	C:\Xilinx\Vivado\2016.2\lib\win64.o\librdi_commonversion.dll
0x00007ffd0ad00000 - 0x00007ffd0ad9e000 	C:\windows\System32\msvcrt.dll
0x00007ffd0cd10000 - 0x00007ffd0cd69000 	C:\windows\System32\sechost.dll
0x00007ffcfcc20000 - 0x00007ffcfcc74000 	C:\Xilinx\Vivado\2016.2\lib\win64.o\librdi_commonxillic.dll
0x00007ffd0b3e0000 - 0x00007ffd0b501000 	C:\windows\System32\RPCRT4.dll
0x0000000057440000 - 0x0000000057567000 	C:\Xilinx\Vivado\2016.2\lib\win64.o\tcl85t.dll
0x00007ffd0b370000 - 0x00007ffd0b3da000 	C:\windows\System32\WS2_32.dll
0x00007ffd0a4a0000 - 0x00007ffd0a4a8000 	C:\windows\System32\PSAPI.DLL
0x00007ffd0b6e0000 - 0x00007ffd0cbe9000 	C:\windows\System32\SHELL32.dll
0x00007ffcfcc10000 - 0x00007ffcfcc19000 	C:\Xilinx\Vivado\2016.2\lib\win64.o\libboost_system.dll
0x00007ffce1380000 - 0x00007ffce1486000 	C:\Xilinx\Vivado\2016.2\lib\win64.o\libboost_regex.dll
0x00007ffce1160000 - 0x00007ffce137f000 	C:\Xilinx\Vivado\2016.2\lib\win64.o\libXil_lmgr11.dll
0x00007ffd09e30000 - 0x00007ffd09e72000 	C:\windows\System32\cfgmgr32.dll
0x00007ffd094a0000 - 0x00007ffd09b7a000 	C:\windows\System32\windows.storage.dll
0x00007ffd0af50000 - 0x00007ffd0b218000 	C:\windows\System32\combase.dll
0x00007ffd05530000 - 0x00007ffd0553a000 	C:\windows\SYSTEM32\VERSION.dll
0x00007ffd0a150000 - 0x00007ffd0a245000 	C:\windows\System32\ucrtbase.dll
0x00007ffd0ae50000 - 0x00007ffd0af4a000 	C:\windows\System32\COMDLG32.dll
0x00007ffd09c30000 - 0x00007ffd09c9a000 	C:\windows\System32\bcryptPrimitives.dll
0x00007ffd0a250000 - 0x00007ffd0a2f9000 	C:\windows\System32\shcore.dll
0x00007ffd09200000 - 0x00007ffd0924c000 	C:\windows\System32\powrprof.dll
0x00007ffd0add0000 - 0x00007ffd0ae22000 	C:\windows\System32\SHLWAPI.dll
0x00007ffd091f0000 - 0x00007ffd091ff000 	C:\windows\System32\kernel.appcore.dll
0x00007ffce0df0000 - 0x00007ffce115e000 	C:\Xilinx\Vivado\2016.2\lib\win64.o\libCOIN-all.dll
0x00007ffd091d0000 - 0x00007ffd091e4000 	C:\windows\System32\profapi.dll
0x00007ffd0aa90000 - 0x00007ffd0ab4f000 	C:\windows\System32\OLEAUT32.dll
0x00007ffd09e80000 - 0x00007ffd09f1c000 	C:\windows\System32\msvcp_win.dll
0x00007ffcfa490000 - 0x00007ffcfa4a0000 	C:\Xilinx\Vivado\2016.2\lib\win64.o\libboost_date_time.dll
0x00007ffd0ab50000 - 0x00007ffd0ac87000 	C:\windows\System32\ole32.dll
0x00007ffce0d70000 - 0x00007ffce0de7000 	C:\Xilinx\Vivado\2016.2\lib\win64.o\libboost_program_options.dll
0x00007ffd0a0f0000 - 0x00007ffd0a145000 	C:\windows\System32\WINTRUST.dll
0x00007ffd09250000 - 0x00007ffd09260000 	C:\windows\System32\MSASN1.dll
0x00007ffd09f20000 - 0x00007ffd0a0e9000 	C:\windows\System32\CRYPT32.dll
0x00007ffce0d50000 - 0x00007ffce0d6d000 	C:\Xilinx\Vivado\2016.2\lib\win64.o\libboost_thread.dll
0x00007ffce0cd0000 - 0x00007ffce0d50000 	C:\Xilinx\Vivado\2016.2\lib\win64.o\libhdlpsolve.dll
0x00007ffcf8010000 - 0x00007ffcf801b000 	C:\Xilinx\Vivado\2016.2\lib\win64.o\libboost_xilinx.dll
0x00007ffce0c30000 - 0x00007ffce0cca000 	C:\Xilinx\Vivado\2016.2\lib\win64.o\libhdxml.dll
0x00007ffcdc980000 - 0x00007ffcdcde5e00 	C:\Xilinx\Vivado\2016.2\lib\win64.o\libisl_iostreams.dll
0x00007ffce0c00000 - 0x00007ffce0c2a000 	C:\Xilinx\Vivado\2016.2\lib\win64.o\libisl_sysinfo.dll
0x0000000056bb0000 - 0x0000000057439000 	C:\Xilinx\Vivado\2016.2\tps\win64\jre\bin\server\jvm.dll
0x00007ffce0ad0000 - 0x00007ffce0c00000 	C:\Xilinx\Vivado\2016.2\lib\win64.o\librdi_curl.dll
0x00007ffce0ab0000 - 0x00007ffce0ac5000 	C:\Xilinx\Vivado\2016.2\lib\win64.o\pthreadVC2.dll
0x00007ffce0a90000 - 0x00007ffce0aa8000 	C:\Xilinx\Vivado\2016.2\lib\win64.o\librdiconfig.dll
0x00007ffce0a60000 - 0x00007ffce0a83000 	C:\Xilinx\Vivado\2016.2\lib\win64.o\librdizlib.dll
0x00007ffcfae90000 - 0x00007ffcfb123000 	C:\windows\SYSTEM32\WININET.dll
0x0000000012000000 - 0x0000000012263000 	C:\Xilinx\Vivado\2016.2\lib\win64.o\xerces-c_3_1.dll
0x00007ffd06450000 - 0x00007ffd0651d000 	C:\windows\SYSTEM32\WINHTTP.dll
0x00007ffcfe290000 - 0x00007ffcfe452000 	C:\windows\SYSTEM32\urlmon.dll
0x00007ffd01870000 - 0x00007ffd01888000 	C:\windows\SYSTEM32\NETAPI32.dll
0x00007ffcffd30000 - 0x00007ffcffd39000 	C:\windows\SYSTEM32\WSOCK32.dll
0x00007ffd05170000 - 0x00007ffd0521c000 	C:\windows\WinSxS\amd64_microsoft.windows.common-controls_6595b64144ccf1df_5.82.14393.447_none_0d5aa7fbb6d35646\COMCTL32.dll
0x00007ffcdc950000 - 0x00007ffcdc973000 	C:\windows\SYSTEM32\VCOMP110.DLL
0x00007ffd07560000 - 0x00007ffd07583000 	C:\windows\SYSTEM32\WINMM.dll
0x00007ffcf7060000 - 0x00007ffcf706b000 	C:\Xilinx\Vivado\2016.2\lib\win64.o\libboost_chrono.dll
0x0000000059390000 - 0x0000000059462000 	C:\windows\SYSTEM32\MSVCR100.dll
0x00007ffcdc930000 - 0x00007ffcdc946000 	C:\Xilinx\Vivado\2016.2\lib\win64.o\libboost_iostreams.dll
0x00007ffcdc900000 - 0x00007ffcdc923000 	C:\Xilinx\Vivado\2016.2\lib\win64.o\libisl_iosutils.dll
0x00007ffcfdaf0000 - 0x00007ffcfdd93000 	C:\windows\SYSTEM32\iertutil.dll
0x00007ffd07500000 - 0x00007ffd0752b000 	C:\windows\SYSTEM32\WINMMBASE.dll
0x00007ffd0ada0000 - 0x00007ffd0adce000 	C:\windows\System32\IMM32.DLL
0x00007ffd049c0000 - 0x00007ffd049cc000 	C:\windows\KATRK64.DLL
0x00007ffd06f90000 - 0x00007ffd06fa3000 	C:\windows\SYSTEM32\WTSAPI32.dll
0x00007ffcd5460000 - 0x00007ffcd587e000 	C:\Xilinx\Vivado\2016.2\lib\win64.o\librdi_commontasks.dll
0x00007ffcd3800000 - 0x00007ffcd5456000 	C:\Xilinx\Vivado\2016.2\lib\win64.o\librdi_tcltasks.dll
0x00007ffcd3580000 - 0x00007ffcd37f7000 	C:\Xilinx\Vivado\2016.2\lib\win64.o\librdi_bitstream.dll
0x00007ffcd3440000 - 0x00007ffcd357f000 	C:\Xilinx\Vivado\2016.2\lib\win64.o\librdi_board.dll
0x00007ffcdc8a0000 - 0x00007ffcdc8fd000 	C:\Xilinx\Vivado\2016.2\lib\win64.o\librdi_boarddep.dll
0x00007ffcd3220000 - 0x00007ffcd3431000 	C:\Xilinx\Vivado\2016.2\lib\win64.o\librdi_chipscope.dll
0x00007ffcd1fb0000 - 0x00007ffcd321b000 	C:\Xilinx\Vivado\2016.2\lib\win64.o\librdi_constraints.dll
0x00007ffcd1ec0000 - 0x00007ffcd1fa3000 	C:\Xilinx\Vivado\2016.2\lib\win64.o\librdi_containers.dll
0x00007ffccf3b0000 - 0x00007ffcd1eb3000 	C:\Xilinx\Vivado\2016.2\lib\win64.o\librdi_coregen.dll
0x00007ffccbb40000 - 0x00007ffccf3a7000 	C:\Xilinx\Vivado\2016.2\lib\win64.o\librdi_designutils.dll
0x00007ffcc2c70000 - 0x00007ffccbb31000 	C:\Xilinx\Vivado\2016.2\lib\win64.o\librdi_device.dll
0x00007ffcc2a50000 - 0x00007ffcc2c70000 	C:\Xilinx\Vivado\2016.2\lib\win64.o\librdi_dlyest.dll
0x00007ffcc2540000 - 0x00007ffcc2a43000 	C:\Xilinx\Vivado\2016.2\lib\win64.o\librdi_drc.dll
0x00007ffcdc7e0000 - 0x00007ffcdc8a0000 	C:\Xilinx\Vivado\2016.2\lib\win64.o\librdi_dsp.dll
0x00007ffcc1ff0000 - 0x00007ffcc253a000 	C:\Xilinx\Vivado\2016.2\lib\win64.o\librdi_filemgmt.dll
0x00007ffcc1db0000 - 0x00007ffcc1ff0000 	C:\Xilinx\Vivado\2016.2\lib\win64.o\librdi_guitools.dll
0x00007ffcc1820000 - 0x00007ffcc1dad000 	C:\Xilinx\Vivado\2016.2\lib\win64.o\librdi_memdata.dll
0x00007ffcc13e0000 - 0x00007ffcc1814000 	C:\Xilinx\Vivado\2016.2\lib\win64.o\librdi_netlist.dll
0x00007ffcc13a0000 - 0x00007ffcc13db000 	C:\Xilinx\Vivado\2016.2\lib\win64.o\librdi_pfi.dll
0x00007ffcbfa00000 - 0x00007ffcc139e000 	C:\Xilinx\Vivado\2016.2\lib\win64.o\librdi_place.dll
0x00007ffcbf440000 - 0x00007ffcbf9f8000 	C:\Xilinx\Vivado\2016.2\lib\win64.o\librdi_power.dll
0x00007ffcbefc0000 - 0x00007ffcbf43d000 	C:\Xilinx\Vivado\2016.2\lib\win64.o\librdi_project.dll
0x00007ffcbeae0000 - 0x00007ffcbefb1000 	C:\Xilinx\Vivado\2016.2\lib\win64.o\librdi_psta.dll
0x00007ffcbdea0000 - 0x00007ffcbead6000 	C:\Xilinx\Vivado\2016.2\lib\win64.o\librdi_route.dll
0x00007ffcbd8b0000 - 0x00007ffcbde94000 	C:\Xilinx\Vivado\2016.2\lib\win64.o\librdi_rsb.dll
0x00007ffcbd5d0000 - 0x00007ffcbd8a6000 	C:\Xilinx\Vivado\2016.2\lib\win64.o\librdi_runs.dll
0x00007ffcbd570000 - 0x00007ffcbd5cb000 	C:\Xilinx\Vivado\2016.2\lib\win64.o\librdi_runsbase.dll
0x00007ffcbd3f0000 - 0x00007ffcbd56d000 	C:\Xilinx\Vivado\2016.2\lib\win64.o\librdi_simdata.dll
0x00007ffcbd200000 - 0x00007ffcbd3f0000 	C:\Xilinx\Vivado\2016.2\lib\win64.o\librdi_sio.dll
0x00007ffcbc770000 - 0x00007ffcbd1fe000 	C:\Xilinx\Vivado\2016.2\lib\win64.o\librdi_timing.dll
0x00007ffcbc700000 - 0x00007ffcbc763000 	C:\Xilinx\Vivado\2016.2\lib\win64.o\liblmx6.0.dll
0x00007ffcbc6b0000 - 0x00007ffcbc6f7000 	C:\Xilinx\Vivado\2016.2\lib\win64.o\libboost_serialization.dll
0x00007ffcbc610000 - 0x00007ffcbc6a7000 	C:\Xilinx\Vivado\2016.2\lib\win64.o\libise.dll
0x00007ffcbc0d0000 - 0x00007ffcbc610000 	C:\Xilinx\Vivado\2016.2\lib\win64.o\librdi_xdm.dll
0x00007ffcbb750000 - 0x00007ffcbc0cf000 	C:\Xilinx\Vivado\2016.2\lib\win64.o\libverific.dll
0x00007ffcbb710000 - 0x00007ffcbb74a000 	C:\Xilinx\Vivado\2016.2\lib\win64.o\librdi_wavedata_SimpleApi.dll
0x00007ffcbb360000 - 0x00007ffcbb701000 	C:\Xilinx\Vivado\2016.2\lib\win64.o\librdi_wavedata.dll
0x00007ffcbb310000 - 0x00007ffcbb353000 	C:\Xilinx\Vivado\2016.2\lib\win64.o\librdi_hdf.dll
0x00007ffcbb110000 - 0x00007ffcbb302000 	C:\Xilinx\Vivado\2016.2\lib\win64.o\librdi_hsm.dll
0x00007ffcba990000 - 0x00007ffcbb043000 	C:\Xilinx\Vivado\2016.2\lib\win64.o\librdi_coregenipxact.dll
0x00007ffcba2f0000 - 0x00007ffcba984000 	C:\Xilinx\Vivado\2016.2\lib\win64.o\librdi_labtools.dll
0x00007ffcb7ff0000 - 0x00007ffcb9821000 	C:\Xilinx\Vivado\2016.2\lib\win64.o\librdi_mig.dll
0x00007ffcba2a0000 - 0x00007ffcba2ed000 	C:\Xilinx\Vivado\2016.2\lib\win64.o\librdi_projectbase.dll
0x00007ffcb6630000 - 0x00007ffcb7fec000 	C:\Xilinx\Vivado\2016.2\lib\win64.o\librdi_synth.dll
0x00007ffcba010000 - 0x00007ffcba291000 	C:\Xilinx\Vivado\2016.2\lib\win64.o\librdi_ippcw.dll
0x00007ffcb9f50000 - 0x00007ffcba005000 	C:\Xilinx\Vivado\2016.2\lib\win64.o\librdi_hwh.dll
0x00007ffd087c0000 - 0x00007ffd087f8000 	C:\windows\SYSTEM32\IPHLPAPI.DLL
0x00007ffcb6070000 - 0x00007ffcb662c000 	C:\Xilinx\Vivado\2016.2\lib\win64.o\librdi_abc_nomp.dll
0x00007ffcbb0f0000 - 0x00007ffcbb109000 	C:\Xilinx\Vivado\2016.2\lib\win64.o\librdi_hmetis.dll
0x00007ffcb9ed0000 - 0x00007ffcb9f4f000 	C:\Xilinx\Vivado\2016.2\lib\win64.o\librdi_simbridge_kernel.dll

VM Arguments:
jvm_args: -Dsun.java2d.pmoffscreen=false -Dsun.java2d.d3d=false -Dsun.awt.nopixfmt=true -Xverify:none -Dswing.aatext=true -XX:-UsePerfData -Djdk.map.althashing.threshold=512 -XX:StringTableSize=4072 -XX:NewSize=60m -XX:MaxNewSize=60m -Xms128m -Xmx3072m -Xss5m 
java_command: <unknown>
java_class_path (initial): C:/Xilinx/Vivado/2016.2\lib\classes\alloy.jar;C:/Xilinx/Vivado/2016.2\lib\classes\batik-anim.jar;C:/Xilinx/Vivado/2016.2\lib\classes\batik-awt-util.jar;C:/Xilinx/Vivado/2016.2\lib\classes\batik-bridge.jar;C:/Xilinx/Vivado/2016.2\lib\classes\batik-codec.jar;C:/Xilinx/Vivado/2016.2\lib\classes\batik-css.jar;C:/Xilinx/Vivado/2016.2\lib\classes\batik-dom.jar;C:/Xilinx/Vivado/2016.2\lib\classes\batik-ext.jar;C:/Xilinx/Vivado/2016.2\lib\classes\batik-gui-util.jar;C:/Xilinx/Vivado/2016.2\lib\classes\batik-gvt.jar;C:/Xilinx/Vivado/2016.2\lib\classes\batik-parser.jar;C:/Xilinx/Vivado/2016.2\lib\classes\batik-script.jar;C:/Xilinx/Vivado/2016.2\lib\classes\batik-svg-dom.jar;C:/Xilinx/Vivado/2016.2\lib\classes\batik-swing.jar;C:/Xilinx/Vivado/2016.2\lib\classes\batik-transcoder.jar;C:/Xilinx/Vivado/2016.2\lib\classes\batik-util.jar;C:/Xilinx/Vivado/2016.2\lib\classes\batik-xml.jar;C:/Xilinx/Vivado/2016.2\lib\classes\commons-math-2.2.jar;C:/Xilinx/Vivado/2016.2\lib\classes\dom4j-1.6.1.jar;C:/Xilinx/Vivado/2016.2\lib\classes\forms.jar;C:/Xilinx/Vivado/2016.2\lib\classes\guava-18.0.jar;C:/Xilinx/Vivado/2016.2\lib\classes\help.jar;C:/Xilinx/Vivado/2016.2\lib\classes\hsqldb.jar;C:/Xilinx/Vivado/2016.2\lib\classes\jh.jar;C:/Xilinx/Vivado/2016.2\lib\classes\jide-action.jar;C:/Xilinx/Vivado/2016.2\lib\classes\jide-charts.jar;C:/Xilinx/Vivado/2016.2\lib\classes\jide-common.jar;C:/Xilinx/Vivado/2016.2\lib\classes\jide-components.jar;C:/Xilinx/Vivado/2016.2\lib\classes\jide-dashboard.jar;C:/Xilinx/Vivado/2016.2\lib\classes\jide-data.jar;C:/Xilinx/Vivado/2016.2\lib\classes\jide-dialogs.jar;C:/Xilinx/Vivado/2016.2\lib\classes\jide-diff.jar;C:/Xilinx/Vivado/2016.2\lib\classes\jide-dock.jar;C:/Xilinx/Vivado/2016.2\lib\classes\jide-editor.jar;C:/Xilinx/Vivado/2016.2\lib\classes\jide-gantt.jar;C:/Xilinx/Vivado/2016.2\lib\classes\jide-grids.jar;C:/Xilinx/Vivado/2016.2\lib\classes\jide-pivot.jar;C:/Xilinx/Vivado/2016.2\lib\classes\jide-plaf-jdk7.jar;C:/Xilinx/Vivado/2
Launcher Type: generic

Environment Variables:
PATH=C:/Xilinx/Vivado/2016.2/bin;C:/Xilinx/Vivado/2016.2/lib/win64.o;C:/Xilinx/Vivado/2016.2/tps/win64/jre/bin/server;C:/Xilinx/Vivado/2016.2/tps/win64/jre/bin;C:/Xilinx/Vivado/2016.2/ids_lite/ISE/bin/nt64;C:/Xilinx/Vivado/2016.2/ids_lite/ISE/lib/nt64;C:/Xilinx/Vivado_HLS/2016.2/bin;C:\Python27\;C:\Python27\Scripts;C:\Program Files\Python36\Scripts\;C:\Program Files\Python36\;C:\Perl64\site\bin;C:\Perl64\bin;C:\ProgramData\Oracle\Java\javapath;C:\windows\system32;C:\windows;C:\windows\System32\Wbem;C:\windows\System32\WindowsPowerShell\v1.0\;C:\Program Files\Microsoft Windows Performance Toolkit\;C:\Program Files\Common Files\Autodesk Shared\;C:\Program Files\Git\cmd;C:\MATLAB\R2015b\bin;C:\Program Files (x86)\PuTTY\;C:\Program Files\nodejs\;C:\Program Files\MiKTeX 2.9\miktex\bin\x64\;C:\Ruby24-x64\bin;C:\Users\winiarcc\AppData\Local\Microsoft\WindowsApps;C:\Users\winiarcc\AppData\Roaming\npm
USERNAME=winiarcc
OS=Windows_NT
PROCESSOR_IDENTIFIER=Intel64 Family 6 Model 60 Stepping 3, GenuineIntel



---------------  S Y S T E M  ---------------

OS: Windows 10.0 , 64 bit Build 14393 (10.0.14393.0)

CPU:total 8 (4 cores per cpu, 2 threads per core) family 6 model 60 stepping 3, cmov, cx8, fxsr, mmx, sse, sse2, sse3, ssse3, sse4.1, sse4.2, popcnt, avx, avx2, aes, clmul, erms, lzcnt, ht, tsc, tscinvbit, bmi1, bmi2

Memory: 4k page, physical 33495120k(26096324k free), swap 38475856k(30789112k free)

vm_info: Java HotSpot(TM) 64-Bit Server VM (25.66-b18) for windows-amd64 JRE (1.8.0_66-b18), built on Nov  9 2015 10:51:13 by "java_re" with MS VC++ 10.0 (VS2010)

time: Wed Dec 06 21:12:29 2017
elapsed time: 3870 seconds (0d 1h 4m 30s)

