Exception at PC 0x00007FF976C47788
Unable to capture context for thread 1932 in process 4716, can not generate back trace
Exception at PC 0x00007FF976C47788
Exception at PC 0x00007FF976C47788
Exception at PC 0x00007FF976C47788
Unable to capture context for thread 14316 in process 4716, can not generate back trace
Exception at PC 0x00007FF91DDCBB93
Printing stacktrace...

Unable to capture context for thread 14316 in process 4716, can not generate back trace
Exception at PC 0x00007FF976C47788
Exception at PC 0x00007FF976C47788
Exception at PC 0x00007FF976C47788
Exception at PC 0x00007FF976C47788
Exception at PC 0x00007FF976C47788
Exception at PC 0x00007FF976C47788
Exception at PC 0x00007FF976C47788
Exception at PC 0x00007FF976C47788
Exception at PC 0x00007FF976C47788
Exception at PC 0x00007FF976C47788
Exception at PC 0x00007FF976C47788
Exception at PC 0x00007FF976C47788
Exception at PC 0x00007FF976C47788
Exception at PC 0x00007FF976C47788
[0]  [0x00007FF91DDCBB93]
[1]  [0x00007FF91DDCBB93]
[2]  [0x00007FF91DDCB4A1]
[3]  [0x00007FF91DDCB3EF]
[4]  [0x00007FF91DDB19FE]
[5]  [0x00007FF91DDB0ED1]
[6]  [0x00007FF91DDB0D76]
[7]  [0x00007FF91DD579F6]
[8]  [0x00007FF91DD47AFB]
[9]  [0x00007FF91DE6E90A]
[10]  [0x00007FF91DE89F87]
[11]  [0x00007FF91DE8A05F]
[12] (BaseThreadInitThunk+0x14) [0x00007FF977A48364]
[13] (RtlUserThreadStart+0x21) [0x00007FF9799970D1]
Done
